<?xml version="1.0" encoding="UTF-8"?>
<Site BuildName="Linux-g++"
	BuildStamp="20250319-1405-Experimental"
	Name="ubuntu"
	Generator="ctest-3.22.1"
	CompilerName="/usr/bin/g++"
	CompilerVersion="11.4.0"
	OSName="Linux"
	Hostname="ubuntu"
	OSRelease="6.8.0-1021-azure"
	OSVersion="#25~22.04.1-Ubuntu SMP Thu Jan 16 21:37:09 UTC 2025"
	OSPlatform="x86_64"
	Is64Bits="1"
	VendorString="GenuineIntel"
	VendorID="Intel Corporation"
	FamilyID="6"
	ModelID="85"
	ProcessorCacheSize="36608"
	NumberOfLogicalCPU="2"
	NumberOfPhysicalCPU="2"
	TotalVirtualMemory="0"
	TotalPhysicalMemory="6879"
	LogicalProcessorsPerPhysical="1"
	ProcessorClockFrequency="2992.85"
	>
	<Testing>
		<StartDateTime>Mar 19 15:41 UTC</StartDateTime>
		<StartTestTime>1742398918</StartTestTime>
		<TestList/>
		<EndDateTime>Mar 19 15:41 UTC</EndDateTime>
		<EndTestTime>1742398918</EndTestTime>
		<ElapsedMinutes>0</ElapsedMinutes>
	</Testing>
</Site>
